<?xml version="1.0" encoding="UTF-8"?>
<testsuite name="test.testLogueo" tests="1" skipped="0" failures="0" errors="0" timestamp="2023-06-08T18:58:12" hostname="ACP" time="12.177">
  <properties/>
  <testcase name="inicio" classname="test.testLogueo" time="12.177"/>
  <system-out><![CDATA[ya entre al proceso de la tabla
la fila  0
]]></system-out>
  <system-err><![CDATA[Starting ChromeDriver 113.0.5672.63 (0e1a4471d5ae5bf128b1bd8f4d627c8cbd55f70c-refs/branch-heads/5672@{#912}) on port 18331
Only local connections are allowed.
Please see https://chromedriver.chromium.org/security-considerations for suggestions on keeping ChromeDriver safe.
ChromeDriver was started successfully.
[1686250694.399][WARNING]: This version of ChromeDriver has not been tested with Chrome version 114.
jun 08, 2023 1:58:14 PM org.openqa.selenium.remote.ProtocolHandshake createSession
INFORMACIÓN: Detected dialect: W3C
]]></system-err>
</testsuite>
