<?xml version="1.0" encoding="UTF-8"?>
<testsuite name="test.testLogueo" tests="1" skipped="0" failures="0" errors="0" timestamp="2023-06-01T02:52:57" hostname="ACP" time="16.818">
  <properties/>
  <testcase name="inicio" classname="test.testLogueo" time="16.818"/>
  <system-out><![CDATA[ya entre al proceso de la tabla
[]
]]></system-out>
  <system-err><![CDATA[Starting ChromeDriver 113.0.5672.63 (0e1a4471d5ae5bf128b1bd8f4d627c8cbd55f70c-refs/branch-heads/5672@{#912}) on port 28344
Only local connections are allowed.
Please see https://chromedriver.chromium.org/security-considerations for suggestions on keeping ChromeDriver safe.
ChromeDriver was started successfully.
may 31, 2023 9:53:00 PM org.openqa.selenium.remote.ProtocolHandshake createSession
INFORMACIÓN: Detected dialect: W3C
]]></system-err>
</testsuite>
